Release 14.7 - xst P.20131013 (nt64)
Copyright (c) 1995-2013 Xilinx, Inc.  All rights reserved.
--> Parameter TMPDIR set to xst/projnav.tmp


Total REAL time to Xst completion: 1.00 secs
Total CPU time to Xst completion: 0.11 secs
 
--> Parameter xsthdpdir set to xst


Total REAL time to Xst completion: 1.00 secs
Total CPU time to Xst completion: 0.11 secs
 
--> Reading design: UART.prj

TABLE OF CONTENTS
  1) Synthesis Options Summary
  2) HDL Compilation
  3) Design Hierarchy Analysis
  4) HDL Analysis
  5) HDL Synthesis
     5.1) HDL Synthesis Report
  6) Advanced HDL Synthesis
     6.1) Advanced HDL Synthesis Report
  7) Low Level Synthesis
  8) Partition Report
  9) Final Report
	9.1) Device utilization summary
	9.2) Partition Resource Summary
	9.3) TIMING REPORT


=========================================================================
*                      Synthesis Options Summary                        *
=========================================================================
---- Source Parameters
Input File Name                    : "UART.prj"
Input Format                       : mixed
Ignore Synthesis Constraint File   : NO

---- Target Parameters
Output File Name                   : "UART"
Output Format                      : NGC
Target Device                      : xc3s50a-5-tq144

---- Source Options
Top Module Name                    : UART
Automatic FSM Extraction           : YES
FSM Encoding Algorithm             : Auto
Safe Implementation                : No
FSM Style                          : LUT
RAM Extraction                     : Yes
RAM Style                          : Auto
ROM Extraction                     : Yes
Mux Style                          : Auto
Decoder Extraction                 : YES
Priority Encoder Extraction        : Yes
Shift Register Extraction          : YES
Logical Shifter Extraction         : YES
XOR Collapsing                     : YES
ROM Style                          : Auto
Mux Extraction                     : Yes
Resource Sharing                   : YES
Asynchronous To Synchronous        : NO
Multiplier Style                   : Auto
Automatic Register Balancing       : No

---- Target Options
Add IO Buffers                     : YES
Global Maximum Fanout              : 500
Add Generic Clock Buffer(BUFG)     : 24
Register Duplication               : YES
Slice Packing                      : YES
Optimize Instantiated Primitives   : NO
Use Clock Enable                   : Yes
Use Synchronous Set                : Yes
Use Synchronous Reset              : Yes
Pack IO Registers into IOBs        : Auto
Equivalent register Removal        : YES

---- General Options
Optimization Goal                  : Speed
Optimization Effort                : 1
Keep Hierarchy                     : No
Netlist Hierarchy                  : As_Optimized
RTL Output                         : Yes
Global Optimization                : AllClockNets
Read Cores                         : YES
Write Timing Constraints           : NO
Cross Clock Analysis               : NO
Hierarchy Separator                : /
Bus Delimiter                      : <>
Case Specifier                     : Maintain
Slice Utilization Ratio            : 100
BRAM Utilization Ratio             : 100
Verilog 2001                       : YES
Auto BRAM Packing                  : NO
Slice Utilization Ratio Delta      : 5

=========================================================================


=========================================================================
*                          HDL Compilation                              *
=========================================================================
Compiling vhdl file "D:/Documentos/USAC/2022/Segundo Semestre 2022/Electronica 6/Laboratorio Electronica 6/Proyecto/MCE_UART/UART.vhd" in Library work.
Entity <UART> compiled.
Entity <UART> (Architecture <Behavioral>) compiled.

=========================================================================
*                     Design Hierarchy Analysis                         *
=========================================================================
Analyzing hierarchy for entity <UART> in library <work> (architecture <Behavioral>) with generics.
	contador_bits = 1250
	contador_half_bits = 625
	n_bits = 8


=========================================================================
*                            HDL Analysis                               *
=========================================================================
Analyzing generic Entity <UART> in library <work> (Architecture <Behavioral>).
	contador_bits = 1250
	contador_half_bits = 625
	n_bits = 8
Entity <UART> analyzed. Unit <UART> generated.


=========================================================================
*                           HDL Synthesis                               *
=========================================================================

Performing bidirectional port resolution...

Synthesizing Unit <UART>.
    Related source file is "D:/Documentos/USAC/2022/Segundo Semestre 2022/Electronica 6/Laboratorio Electronica 6/Proyecto/MCE_UART/UART.vhd".
    Found finite state machine <FSM_0> for signal <estados>.
    -----------------------------------------------------------------------
    | States             | 4                                              |
    | Transitions        | 10                                             |
    | Inputs             | 4                                              |
    | Outputs            | 5                                              |
    | Clock              | clk                       (rising_edge)        |
    | Power Up State     | idle                                           |
    | Encoding           | automatic                                      |
    | Implementation     | LUT                                            |
    -----------------------------------------------------------------------
    Found 1-bit register for signal <read_data>.
    Found 8-bit register for signal <rx_data>.
    Found 11-bit register for signal <contador>.
    Found 11-bit adder for signal <contador$share0000> created at line 48.
    Found 3-bit register for signal <indice>.
    Found 3-bit adder for signal <indice$addsub0000> created at line 79.
    Summary:
	inferred   1 Finite State Machine(s).
	inferred  23 D-type flip-flop(s).
	inferred   2 Adder/Subtractor(s).
Unit <UART> synthesized.

INFO:Xst:1767 - HDL ADVISOR - Resource sharing has identified that some arithmetic operations in this design can share the same physical resources for reduced device utilization. For improved clock frequency you may try to disable resource sharing.

=========================================================================
HDL Synthesis Report

Macro Statistics
# Adders/Subtractors                                   : 2
 11-bit adder                                          : 1
 3-bit adder                                           : 1
# Registers                                            : 11
 1-bit register                                        : 9
 11-bit register                                       : 1
 3-bit register                                        : 1

=========================================================================

=========================================================================
*                       Advanced HDL Synthesis                          *
=========================================================================

Analyzing FSM <FSM_0> for best encoding.
Optimizing FSM <estados/FSM> on signal <estados[1:2]> with gray encoding.
-------------------
 State | Encoding
-------------------
 idle  | 00
 start | 01
 data  | 11
 stop  | 10
-------------------

=========================================================================
Advanced HDL Synthesis Report

Macro Statistics
# FSMs                                                 : 1
# Adders/Subtractors                                   : 2
 11-bit adder                                          : 1
 3-bit adder                                           : 1
# Registers                                            : 23
 Flip-Flops                                            : 23

=========================================================================

=========================================================================
*                         Low Level Synthesis                           *
=========================================================================

Optimizing unit <UART> ...

Mapping all equations...
Building and optimizing final netlist ...
Found area constraint ratio of 100 (+ 5) on block UART, actual ratio is 4.

Final Macro Processing ...

=========================================================================
Final Register Report

Macro Statistics
# Registers                                            : 25
 Flip-Flops                                            : 25

=========================================================================

=========================================================================
*                           Partition Report                            *
=========================================================================

Partition Implementation Status
-------------------------------

  No Partitions were found in this design.

-------------------------------

=========================================================================
*                            Final Report                               *
=========================================================================
Final Results
RTL Top Level Output File Name     : UART.ngr
Top Level Output File Name         : UART
Output Format                      : NGC
Optimization Goal                  : Speed
Keep Hierarchy                     : No

Design Statistics
# IOs                              : 11

Cell Usage :
# BELS                             : 81
#      GND                         : 1
#      INV                         : 1
#      LUT1                        : 10
#      LUT2                        : 1
#      LUT3                        : 2
#      LUT3_D                      : 3
#      LUT3_L                      : 2
#      LUT4                        : 32
#      LUT4_D                      : 3
#      LUT4_L                      : 3
#      MUXCY                       : 10
#      MUXF5                       : 1
#      VCC                         : 1
#      XORCY                       : 11
# FlipFlops/Latches                : 25
#      FD                          : 15
#      FDE                         : 8
#      FDS                         : 2
# Clock Buffers                    : 1
#      BUFGP                       : 1
# IO Buffers                       : 10
#      IBUF                        : 1
#      OBUF                        : 9
=========================================================================

Device utilization summary:
---------------------------

Selected Device : 3s50atq144-5 

 Number of Slices:                       32  out of    704     4%  
 Number of Slice Flip Flops:             25  out of   1408     1%  
 Number of 4 input LUTs:                 57  out of   1408     4%  
 Number of IOs:                          11
 Number of bonded IOBs:                  11  out of    108    10%  
 Number of GCLKs:                         1  out of     24     4%  

---------------------------
Partition Resource Summary:
---------------------------

  No Partitions were found in this design.

---------------------------


=========================================================================
TIMING REPORT

NOTE: THESE TIMING NUMBERS ARE ONLY A SYNTHESIS ESTIMATE.
      FOR ACCURATE TIMING INFORMATION PLEASE REFER TO THE TRACE REPORT
      GENERATED AFTER PLACE-and-ROUTE.

Clock Information:
------------------
-----------------------------------+------------------------+-------+
Clock Signal                       | Clock buffer(FF name)  | Load  |
-----------------------------------+------------------------+-------+
clk                                | BUFGP                  | 25    |
-----------------------------------+------------------------+-------+

Asynchronous Control Signals Information:
----------------------------------------
No asynchronous control signals found in this design

Timing Summary:
---------------
Speed Grade: -5

   Minimum period: 5.362ns (Maximum Frequency: 186.513MHz)
   Minimum input arrival time before clock: 4.758ns
   Maximum output required time after clock: 5.271ns
   Maximum combinational path delay: No path found

Timing Detail:
--------------
All values displayed in nanoseconds (ns)

=========================================================================
Timing constraint: Default period analysis for Clock 'clk'
  Clock period: 5.362ns (frequency: 186.513MHz)
  Total number of paths / destination ports: 767 / 27
-------------------------------------------------------------------------
Delay:               5.362ns (Levels of Logic = 4)
  Source:            contador_5 (FF)
  Destination:       contador_0 (FF)
  Source Clock:      clk rising
  Destination Clock: clk rising

  Data Path: contador_5 to contador_0
                                Gate     Net
    Cell:in->out      fanout   Delay   Delay  Logical Name (Net Name)
    ----------------------------------------  ------------
     FD:C->Q               5   0.495   0.646  contador_5 (contador_5)
     LUT4:I0->O            1   0.561   0.423  estados_cmp_eq00001_SW2 (N26)
     LUT4:I1->O            7   0.562   0.604  estados_cmp_eq0001 (estados_cmp_eq0001)
     LUT4_D:I3->O         10   0.561   0.752  contador_mux0000<0>11 (N01)
     LUT4:I3->O            1   0.561   0.000  contador_mux0000<8>1 (contador_mux0000<8>)
     FD:D                      0.197          contador_2
    ----------------------------------------
    Total                      5.362ns (2.937ns logic, 2.425ns route)
                                       (54.8% logic, 45.2% route)

=========================================================================
Timing constraint: Default OFFSET IN BEFORE for Clock 'clk'
  Total number of paths / destination ports: 21 / 21
-------------------------------------------------------------------------
Offset:              4.758ns (Levels of Logic = 4)
  Source:            rx_in (PAD)
  Destination:       contador_0 (FF)
  Destination Clock: clk rising

  Data Path: rx_in to contador_0
                                Gate     Net
    Cell:in->out      fanout   Delay   Delay  Logical Name (Net Name)
    ----------------------------------------  ------------
     IBUF:I->O            11   0.824   0.901  rx_in_IBUF (rx_in_IBUF)
     LUT4:I0->O            1   0.561   0.380  estados_cmp_eq0000_SW2 (N19)
     LUT4_D:I2->O         10   0.561   0.773  contador_mux0000<0>21 (N3)
     LUT4:I2->O            1   0.561   0.000  contador_mux0000<9>1 (contador_mux0000<9>)
     FD:D                      0.197          contador_1
    ----------------------------------------
    Total                      4.758ns (2.704ns logic, 2.054ns route)
                                       (56.8% logic, 43.2% route)

=========================================================================
Timing constraint: Default OFFSET OUT AFTER for Clock 'clk'
  Total number of paths / destination ports: 9 / 9
-------------------------------------------------------------------------
Offset:              5.271ns (Levels of Logic = 1)
  Source:            read_data (FF)
  Destination:       read_data (PAD)
  Source Clock:      clk rising

  Data Path: read_data to read_data
                                Gate     Net
    Cell:in->out      fanout   Delay   Delay  Logical Name (Net Name)
    ----------------------------------------  ------------
     FD:C->Q               2   0.495   0.380  read_data (read_data_OBUF)
     OBUF:I->O                 4.396          read_data_OBUF (read_data)
    ----------------------------------------
    Total                      5.271ns (4.891ns logic, 0.380ns route)
                                       (92.8% logic, 7.2% route)

=========================================================================


Total REAL time to Xst completion: 5.00 secs
Total CPU time to Xst completion: 4.29 secs
 
--> 

Total memory usage is 4513484 kilobytes

Number of errors   :    0 (   0 filtered)
Number of warnings :    0 (   0 filtered)
Number of infos    :    1 (   0 filtered)

