Running: D:\Xilinx\14.7\ISE_DS\ISE\bin\nt64\unwrapped\fuse.exe -intstyle ise -incremental -o D:/Documentos/USAC/2022/Segundo Semestre 2022/Electronica 6/Laboratorio Electronica 6/Proyecto/Medidor_Calidad_Energia/TestTOP_isim_beh.exe -prj D:/Documentos/USAC/2022/Segundo Semestre 2022/Electronica 6/Laboratorio Electronica 6/Proyecto/Medidor_Calidad_Energia/TestTOP_beh.prj work.TestTOP 
ISim P.20131013 (signature 0x7708f090)
Number of CPUs detected in this system: 4
Turning on mult-threading, number of parallel sub-compilation jobs: 8 
Determining compilation order of HDL files
Parsing VHDL file "D:/Documentos/USAC/2022/Segundo Semestre 2022/Electronica 6/Laboratorio Electronica 6/Proyecto/Medidor_Calidad_Energia/MUX.vhd" into library work
Parsing VHDL file "D:/Documentos/USAC/2022/Segundo Semestre 2022/Electronica 6/Laboratorio Electronica 6/Proyecto/Medidor_Calidad_Energia/CHANNEL1.vhd" into library work
Parsing VHDL file "D:/Documentos/USAC/2022/Segundo Semestre 2022/Electronica 6/Laboratorio Electronica 6/Proyecto/Medidor_Calidad_Energia/CHANNEL0.vhd" into library work
Parsing VHDL file "D:/Documentos/USAC/2022/Segundo Semestre 2022/Electronica 6/Laboratorio Electronica 6/Proyecto/Medidor_Calidad_Energia/top.vhd" into library work
Parsing VHDL file "D:/Documentos/USAC/2022/Segundo Semestre 2022/Electronica 6/Laboratorio Electronica 6/Proyecto/Medidor_Calidad_Energia/TestTOP.vhd" into library work
Starting static elaboration
Completed static elaboration
Compiling package standard
Compiling package std_logic_1164
Compiling architecture behavioral of entity CHANNEL0 [channel0_default]
Compiling architecture behavioral of entity CHANNEL1 [channel1_default]
Compiling architecture behavioral of entity MUX [mux_default]
Compiling architecture behavioral of entity top [top_default]
Compiling architecture behavior of entity testtop
Time Resolution for simulation is 1ps.
Waiting for 1 sub-compilation(s) to finish...
Compiled 11 VHDL Units
Built simulation executable D:/Documentos/USAC/2022/Segundo Semestre 2022/Electronica 6/Laboratorio Electronica 6/Proyecto/Medidor_Calidad_Energia/TestTOP_isim_beh.exe
Fuse Memory Usage: 30080 KB
Fuse CPU Usage: 359 ms
